2022-12-21 13:53:54,118 - urllib3.connectionpool - DEBUG - Starting new HTTP connection (1): ipfs.gildlab.xyz:5001
2022-12-21 13:53:54,122 - root - DEBUG - IPFS daemon not running.
2022-12-21 13:53:55,123 - urllib3.connectionpool - DEBUG - Starting new HTTP connection (1): ipfs.gildlab.xyz:5001
2022-12-21 13:53:55,127 - urllib3.connectionpool - DEBUG - http://ipfs.gildlab.xyz:5001 "POST /api/v0/version HTTP/1.1" 200 None
2022-12-21 13:53:55,129 - urllib3.connectionpool - DEBUG - Starting new HTTP connection (1): ipfs.gildlab.xyz:5001
2022-12-21 13:53:55,131 - urllib3.connectionpool - DEBUG - http://ipfs.gildlab.xyz:5001 "POST /api/v0/add?to-files=/ HTTP/1.1" 200 None
2022-12-21 13:53:55,135 - root - INFO - ReceiptMetadata pinned : {"Name":"ReceiptMetadata.json","Hash":"QmPFiUFHdoWi9aH9a6S9fqFpbE6FETEwdDFLMdm4K5mKoq","Size":"105"}

2022-12-21 13:53:55,135 - root - INFO - Initial Syncing
2022-12-21 13:53:55,136 - urllib3.connectionpool - DEBUG - Starting new HTTPS connection (1): api.thegraph.com:443
2022-12-21 13:53:55,606 - urllib3.connectionpool - DEBUG - https://api.thegraph.com:443 "POST /subgraphs/name/gild-lab/offchainassetvault HTTP/1.1" 200 None
2022-12-21 13:53:55,609 - urllib3.connectionpool - DEBUG - Starting new HTTP connection (1): ipfs.gildlab.xyz:5001
2022-12-21 13:53:55,610 - urllib3.connectionpool - DEBUG - http://ipfs.gildlab.xyz:5001 "POST /api/v0/pin?arg=QmXaJeemPirWZF4k8Mk2nLG5SGXWyRJUKQ6LBWVYvaY273&to-files=%2F HTTP/1.1" 200 None
2022-12-21 13:53:55,612 - root - INFO - pined : QmXaJeemPirWZF4k8Mk2nLG5SGXWyRJUKQ6LBWVYvaY273
2022-12-21 13:53:55,613 - urllib3.connectionpool - DEBUG - Starting new HTTP connection (1): ipfs.gildlab.xyz:5001
2022-12-21 13:53:55,614 - urllib3.connectionpool - DEBUG - http://ipfs.gildlab.xyz:5001 "POST /api/v0/pin?arg=QmXrWtNFCvuWGvWAwGNzGayNJijGwBbgcX7YTPjE6RqYSL&to-files=%2F HTTP/1.1" 200 None
2022-12-21 13:53:55,615 - root - INFO - pined : QmXrWtNFCvuWGvWAwGNzGayNJijGwBbgcX7YTPjE6RqYSL
2022-12-21 13:53:55,616 - urllib3.connectionpool - DEBUG - Starting new HTTP connection (1): ipfs.gildlab.xyz:5001
2022-12-21 13:53:55,617 - urllib3.connectionpool - DEBUG - http://ipfs.gildlab.xyz:5001 "POST /api/v0/pin?arg=QmUm9P9pNLk55tRbddxeAczLQNGXFNywikBsYqvzYjKXVr&to-files=%2F HTTP/1.1" 200 None
2022-12-21 13:53:55,618 - root - INFO - pined : QmUm9P9pNLk55tRbddxeAczLQNGXFNywikBsYqvzYjKXVr
2022-12-21 13:53:55,619 - urllib3.connectionpool - DEBUG - Starting new HTTP connection (1): ipfs.gildlab.xyz:5001
2022-12-21 13:53:55,621 - urllib3.connectionpool - DEBUG - http://ipfs.gildlab.xyz:5001 "POST /api/v0/pin?arg=QmTK3ExXaEoQ5ooHgXdjtXsodsfDMpYhB2DXd2JpPpUNPo&to-files=%2F HTTP/1.1" 200 None
2022-12-21 13:53:55,625 - root - INFO - pined : QmTK3ExXaEoQ5ooHgXdjtXsodsfDMpYhB2DXd2JpPpUNPo
2022-12-21 13:53:55,627 - urllib3.connectionpool - DEBUG - Starting new HTTP connection (1): ipfs.gildlab.xyz:5001
2022-12-21 13:53:55,628 - urllib3.connectionpool - DEBUG - http://ipfs.gildlab.xyz:5001 "POST /api/v0/pin?arg=QmWhjEJfHPJEmNn7TBZYhAGjRbjxoVXbzuV8wTnvpxfXvQ&to-files=%2F HTTP/1.1" 200 None
2022-12-21 13:53:55,631 - root - INFO - pined : QmWhjEJfHPJEmNn7TBZYhAGjRbjxoVXbzuV8wTnvpxfXvQ
2022-12-21 13:53:55,633 - urllib3.connectionpool - DEBUG - Starting new HTTP connection (1): ipfs.gildlab.xyz:5001
2022-12-21 13:53:55,635 - urllib3.connectionpool - DEBUG - http://ipfs.gildlab.xyz:5001 "POST /api/v0/pin?arg=QmQBHGMzUQmEBrcgboFmsQAjnHs8F15o9TWumVYekbU7rw&to-files=%2F HTTP/1.1" 200 None
2022-12-21 13:53:55,635 - root - INFO - pined : QmQBHGMzUQmEBrcgboFmsQAjnHs8F15o9TWumVYekbU7rw
2022-12-21 13:53:55,636 - urllib3.connectionpool - DEBUG - Starting new HTTP connection (1): ipfs.gildlab.xyz:5001
2022-12-21 13:53:55,639 - urllib3.connectionpool - DEBUG - http://ipfs.gildlab.xyz:5001 "POST /api/v0/pin?arg=QmYVXD6CCYEC7y5jz2rTkadiqFcDby3Xoy4q4x6RGXCAUN&to-files=%2F HTTP/1.1" 200 None
2022-12-21 13:53:55,640 - root - INFO - pined : QmYVXD6CCYEC7y5jz2rTkadiqFcDby3Xoy4q4x6RGXCAUN
2022-12-21 13:53:55,640 - root - INFO - regular syncing
2022-12-21 13:53:55,641 - urllib3.connectionpool - DEBUG - Starting new HTTPS connection (1): api.thegraph.com:443
2022-12-21 13:53:56,114 - urllib3.connectionpool - DEBUG - https://api.thegraph.com:443 "POST /subgraphs/name/gild-lab/offchainassetvault HTTP/1.1" 200 None
2022-12-21 13:53:56,116 - root - INFO - No new Hash.
2022-12-21 13:54:06,118 - urllib3.connectionpool - DEBUG - Starting new HTTPS connection (1): api.thegraph.com:443
2022-12-21 13:54:06,600 - urllib3.connectionpool - DEBUG - https://api.thegraph.com:443 "POST /subgraphs/name/gild-lab/offchainassetvault HTTP/1.1" 200 None
2022-12-21 13:54:06,602 - root - INFO - No new Hash.
2022-12-21 13:54:16,605 - urllib3.connectionpool - DEBUG - Starting new HTTPS connection (1): api.thegraph.com:443
2022-12-21 13:54:17,053 - urllib3.connectionpool - DEBUG - https://api.thegraph.com:443 "POST /subgraphs/name/gild-lab/offchainassetvault HTTP/1.1" 200 None
2022-12-21 13:54:17,068 - root - INFO - No new Hash.
2022-12-21 13:54:27,071 - urllib3.connectionpool - DEBUG - Starting new HTTPS connection (1): api.thegraph.com:443
2022-12-21 13:54:27,523 - urllib3.connectionpool - DEBUG - https://api.thegraph.com:443 "POST /subgraphs/name/gild-lab/offchainassetvault HTTP/1.1" 200 None
2022-12-21 13:54:27,525 - root - INFO - No new Hash.
2022-12-21 13:54:37,533 - urllib3.connectionpool - DEBUG - Starting new HTTPS connection (1): api.thegraph.com:443
2022-12-21 13:54:37,977 - urllib3.connectionpool - DEBUG - https://api.thegraph.com:443 "POST /subgraphs/name/gild-lab/offchainassetvault HTTP/1.1" 200 None
2022-12-21 13:54:37,981 - root - INFO - No new Hash.
2022-12-21 13:54:47,983 - urllib3.connectionpool - DEBUG - Starting new HTTPS connection (1): api.thegraph.com:443
2022-12-21 13:54:48,436 - urllib3.connectionpool - DEBUG - https://api.thegraph.com:443 "POST /subgraphs/name/gild-lab/offchainassetvault HTTP/1.1" 200 None
2022-12-21 13:54:48,439 - root - INFO - No new Hash.
2022-12-21 13:54:58,441 - urllib3.connectionpool - DEBUG - Starting new HTTPS connection (1): api.thegraph.com:443
2022-12-21 13:54:58,877 - urllib3.connectionpool - DEBUG - https://api.thegraph.com:443 "POST /subgraphs/name/gild-lab/offchainassetvault HTTP/1.1" 200 None
2022-12-21 13:54:58,878 - root - INFO - No new Hash.
2022-12-21 13:55:08,875 - urllib3.connectionpool - DEBUG - Starting new HTTPS connection (1): api.thegraph.com:443
2022-12-21 13:55:09,310 - urllib3.connectionpool - DEBUG - https://api.thegraph.com:443 "POST /subgraphs/name/gild-lab/offchainassetvault HTTP/1.1" 200 None
2022-12-21 13:55:09,312 - root - INFO - No new Hash.
2022-12-21 13:55:19,315 - urllib3.connectionpool - DEBUG - Starting new HTTPS connection (1): api.thegraph.com:443
2022-12-21 13:55:19,768 - urllib3.connectionpool - DEBUG - https://api.thegraph.com:443 "POST /subgraphs/name/gild-lab/offchainassetvault HTTP/1.1" 200 None
2022-12-21 13:55:19,771 - root - INFO - No new Hash.
2022-12-21 13:55:29,774 - urllib3.connectionpool - DEBUG - Starting new HTTPS connection (1): api.thegraph.com:443
2022-12-21 13:55:30,219 - urllib3.connectionpool - DEBUG - https://api.thegraph.com:443 "POST /subgraphs/name/gild-lab/offchainassetvault HTTP/1.1" 200 None
2022-12-21 13:55:30,226 - root - INFO - No new Hash.
2022-12-21 13:55:40,229 - urllib3.connectionpool - DEBUG - Starting new HTTPS connection (1): api.thegraph.com:443
2022-12-21 13:55:40,665 - urllib3.connectionpool - DEBUG - https://api.thegraph.com:443 "POST /subgraphs/name/gild-lab/offchainassetvault HTTP/1.1" 200 None
2022-12-21 13:55:40,668 - root - INFO - No new Hash.
2022-12-21 13:55:50,672 - urllib3.connectionpool - DEBUG - Starting new HTTPS connection (1): api.thegraph.com:443
2022-12-21 13:55:51,093 - urllib3.connectionpool - DEBUG - https://api.thegraph.com:443 "POST /subgraphs/name/gild-lab/offchainassetvault HTTP/1.1" 200 None
2022-12-21 13:55:51,097 - root - INFO - No new Hash.
2022-12-21 13:56:01,099 - urllib3.connectionpool - DEBUG - Starting new HTTPS connection (1): api.thegraph.com:443
2022-12-21 13:56:01,536 - urllib3.connectionpool - DEBUG - https://api.thegraph.com:443 "POST /subgraphs/name/gild-lab/offchainassetvault HTTP/1.1" 200 None
2022-12-21 13:56:01,539 - root - INFO - No new Hash.
2022-12-21 13:56:11,542 - urllib3.connectionpool - DEBUG - Starting new HTTPS connection (1): api.thegraph.com:443
2022-12-21 13:56:12,026 - urllib3.connectionpool - DEBUG - https://api.thegraph.com:443 "POST /subgraphs/name/gild-lab/offchainassetvault HTTP/1.1" 200 None
2022-12-21 13:56:12,031 - root - INFO - No new Hash.
2022-12-21 13:56:22,036 - urllib3.connectionpool - DEBUG - Starting new HTTPS connection (1): api.thegraph.com:443
2022-12-21 13:56:22,465 - urllib3.connectionpool - DEBUG - https://api.thegraph.com:443 "POST /subgraphs/name/gild-lab/offchainassetvault HTTP/1.1" 200 None
2022-12-21 13:56:22,468 - root - INFO - No new Hash.
2022-12-21 13:56:32,470 - urllib3.connectionpool - DEBUG - Starting new HTTPS connection (1): api.thegraph.com:443
2022-12-21 13:56:32,965 - urllib3.connectionpool - DEBUG - https://api.thegraph.com:443 "POST /subgraphs/name/gild-lab/offchainassetvault HTTP/1.1" 200 None
2022-12-21 13:56:32,970 - root - INFO - No new Hash.
2022-12-21 13:56:42,973 - urllib3.connectionpool - DEBUG - Starting new HTTPS connection (1): api.thegraph.com:443
2022-12-21 13:56:43,461 - urllib3.connectionpool - DEBUG - https://api.thegraph.com:443 "POST /subgraphs/name/gild-lab/offchainassetvault HTTP/1.1" 200 None
2022-12-21 13:56:43,465 - root - INFO - No new Hash.
